app/build/intermediates/manifest_merge_blame_file/release/manifest-merger-blame-release-report.txt
1<?xml version="1.0" encoding="utf-8"?>
2<manifest xmlns:android="http://schemas.android.com/apk/res/android"
3    package="in.istevit.app"
4    android:versionCode="1"
5    android:versionName="1.0" >
6
7    <uses-sdk
8        android:minSdkVersion="24"
8-->src/main/AndroidManifest.xml
9        android:targetSdkVersion="33" />
9-->src/main/AndroidManifest.xml
10
11    <uses-permission android:name="android.permission.INTERNET" />
11-->src/main/AndroidManifest.xml:6:5-67
11-->src/main/AndroidManifest.xml:6:22-64
12    <uses-permission android:name="android.permission.SCHEDULE_EXACT_ALARM" />
12-->src/main/AndroidManifest.xml:7:5-79
12-->src/main/AndroidManifest.xml:7:22-76
13
14    <permission
14-->[androidx.core:core:1.9.0] AndroidManifest.xml:22:5-24:47
15        android:name="in.istevit.app.DYNAMIC_RECEIVER_NOT_EXPORTED_PERMISSION"
15-->[androidx.core:core:1.9.0] AndroidManifest.xml:23:9-81
16        android:protectionLevel="signature" />
16-->[androidx.core:core:1.9.0] AndroidManifest.xml:24:9-44
17
18    <uses-permission android:name="in.istevit.app.DYNAMIC_RECEIVER_NOT_EXPORTED_PERMISSION" />
18-->[androidx.core:core:1.9.0] AndroidManifest.xml:26:5-97
18-->[androidx.core:core:1.9.0] AndroidManifest.xml:26:22-94
19
20    <application
20-->src/main/AndroidManifest.xml:9:5-71:19
21        android:name="in.istevit.app.IsteApp"
21-->src/main/AndroidManifest.xml:10:9-32
22        android:allowBackup="true"
22-->src/main/AndroidManifest.xml:11:9-35
23        android:appComponentFactory="androidx.core.app.CoreComponentFactory"
23-->[androidx.core:core:1.9.0] AndroidManifest.xml:28:18-86
24        android:dataExtractionRules="@xml/data_extraction_rules"
24-->src/main/AndroidManifest.xml:12:9-65
25        android:extractNativeLibs="false"
26        android:fullBackupContent="@xml/backup_rules"
26-->src/main/AndroidManifest.xml:13:9-54
27        android:icon="@mipmap/ic_launcher"
27-->src/main/AndroidManifest.xml:14:9-43
28        android:label="@string/app_name"
28-->src/main/AndroidManifest.xml:15:9-41
29        android:roundIcon="@mipmap/ic_launcher_round"
29-->src/main/AndroidManifest.xml:16:9-54
30        android:supportsRtl="true"
30-->src/main/AndroidManifest.xml:17:9-35
31        android:testOnly="true"
32        android:theme="@style/Theme.ISTEVIT" >
32-->src/main/AndroidManifest.xml:18:9-45
33        <activity
33-->src/main/AndroidManifest.xml:20:9-22:40
34            android:name="in.istevit.app.ui.resources.ResourcesDetailActivity"
34-->src/main/AndroidManifest.xml:21:13-65
35            android:exported="false" />
35-->src/main/AndroidManifest.xml:22:13-37
36        <activity
36-->src/main/AndroidManifest.xml:23:9-25:40
37            android:name="in.istevit.app.ui.resources.ResourcesActivity"
37-->src/main/AndroidManifest.xml:24:13-59
38            android:exported="false" />
38-->src/main/AndroidManifest.xml:25:13-37
39        <activity
39-->src/main/AndroidManifest.xml:26:9-28:40
40            android:name="in.istevit.app.ui.projects.ProjectsActivity"
40-->src/main/AndroidManifest.xml:27:13-57
41            android:exported="false" />
41-->src/main/AndroidManifest.xml:28:13-37
42        <activity
42-->src/main/AndroidManifest.xml:29:9-31:40
43            android:name="in.istevit.app.ui.flagship.FlagshipDetailsActivity"
43-->src/main/AndroidManifest.xml:30:13-64
44            android:exported="false" />
44-->src/main/AndroidManifest.xml:31:13-37
45        <activity
45-->src/main/AndroidManifest.xml:32:9-34:40
46            android:name="in.istevit.app.ui.flagship.FlagshipActivity"
46-->src/main/AndroidManifest.xml:33:13-57
47            android:exported="false" />
47-->src/main/AndroidManifest.xml:34:13-37
48        <activity
48-->src/main/AndroidManifest.xml:35:9-37:40
49            android:name="in.istevit.app.ui.WebviewActivity"
49-->src/main/AndroidManifest.xml:36:13-47
50            android:exported="false" />
50-->src/main/AndroidManifest.xml:37:13-37
51        <activity
51-->src/main/AndroidManifest.xml:38:9-40:40
52            android:name="in.istevit.app.ui.events.EventDetailsActivity"
52-->src/main/AndroidManifest.xml:39:13-59
53            android:exported="false" />
53-->src/main/AndroidManifest.xml:40:13-37
54        <activity
54-->src/main/AndroidManifest.xml:41:9-43:40
55            android:name="in.istevit.app.ui.blogs.BlogDetailsActivity"
55-->src/main/AndroidManifest.xml:42:13-57
56            android:exported="false" />
56-->src/main/AndroidManifest.xml:43:13-37
57        <activity
57-->src/main/AndroidManifest.xml:44:9-46:40
58            android:name="in.istevit.app.ui.onBoarding.OnBoardingActivity"
58-->src/main/AndroidManifest.xml:45:13-61
59            android:exported="false" />
59-->src/main/AndroidManifest.xml:46:13-37
60        <activity
60-->src/main/AndroidManifest.xml:47:9-55:20
61            android:name="in.istevit.app.ui.SplashActivity"
61-->src/main/AndroidManifest.xml:48:13-46
62            android:exported="true" >
62-->src/main/AndroidManifest.xml:49:13-36
63            <intent-filter>
63-->src/main/AndroidManifest.xml:50:13-54:29
64                <action android:name="android.intent.action.MAIN" />
64-->src/main/AndroidManifest.xml:51:17-69
64-->src/main/AndroidManifest.xml:51:25-66
65
66                <category android:name="android.intent.category.LAUNCHER" />
66-->src/main/AndroidManifest.xml:53:17-77
66-->src/main/AndroidManifest.xml:53:27-74
67            </intent-filter>
68        </activity>
69        <activity
69-->src/main/AndroidManifest.xml:56:9-62:20
70            android:name="in.istevit.app.ui.MainActivity"
70-->src/main/AndroidManifest.xml:57:13-44
71            android:exported="true" >
71-->src/main/AndroidManifest.xml:58:13-36
72            <intent-filter>
72-->src/main/AndroidManifest.xml:59:13-61:29
73                <action android:name="android.intent.action.MAIN" />
73-->src/main/AndroidManifest.xml:51:17-69
73-->src/main/AndroidManifest.xml:51:25-66
74            </intent-filter>
75        </activity>
76
77        <meta-data
77-->src/main/AndroidManifest.xml:64:9-66:57
78            android:name="preloaded_fonts"
78-->src/main/AndroidManifest.xml:65:13-43
79            android:resource="@array/preloaded_fonts" />
79-->src/main/AndroidManifest.xml:66:13-54
80        <meta-data
81            android:name="API_KEY"
81-->src/main/AndroidManifest.xml:69:13-35
82            android:value="testing" />
82-->src/main/AndroidManifest.xml:70:13-39
83
84        <uses-library
84-->[androidx.window:window:1.0.0] AndroidManifest.xml:25:9-27:40
85            android:name="androidx.window.extensions"
85-->[androidx.window:window:1.0.0] AndroidManifest.xml:26:13-54
86            android:required="false" />
86-->[androidx.window:window:1.0.0] AndroidManifest.xml:27:13-37
87        <uses-library
87-->[androidx.window:window:1.0.0] AndroidManifest.xml:28:9-30:40
88            android:name="androidx.window.sidecar"
88-->[androidx.window:window:1.0.0] AndroidManifest.xml:29:13-51
89            android:required="false" />
89-->[androidx.window:window:1.0.0] AndroidManifest.xml:30:13-37
90
91        <provider
91-->[androidx.emoji2:emoji2:1.2.0] AndroidManifest.xml:24:9-32:20
92            android:name="androidx.startup.InitializationProvider"
92-->[androidx.emoji2:emoji2:1.2.0] AndroidManifest.xml:25:13-67
93            android:authorities="in.istevit.app.androidx-startup"
93-->[androidx.emoji2:emoji2:1.2.0] AndroidManifest.xml:26:13-68
94            android:exported="false" >
94-->[androidx.emoji2:emoji2:1.2.0] AndroidManifest.xml:27:13-37
95            <meta-data
95-->[androidx.emoji2:emoji2:1.2.0] AndroidManifest.xml:29:13-31:52
96                android:name="androidx.emoji2.text.EmojiCompatInitializer"
96-->[androidx.emoji2:emoji2:1.2.0] AndroidManifest.xml:30:17-75
97                android:value="androidx.startup" />
97-->[androidx.emoji2:emoji2:1.2.0] AndroidManifest.xml:31:17-49
98            <meta-data
98-->[androidx.lifecycle:lifecycle-process:2.4.1] AndroidManifest.xml:31:13-33:52
99                android:name="androidx.lifecycle.ProcessLifecycleInitializer"
99-->[androidx.lifecycle:lifecycle-process:2.4.1] AndroidManifest.xml:32:17-78
100                android:value="androidx.startup" />
100-->[androidx.lifecycle:lifecycle-process:2.4.1] AndroidManifest.xml:33:17-49
101        </provider>
102
103        <service
103-->[androidx.room:room-runtime:2.4.3] AndroidManifest.xml:25:9-28:40
104            android:name="androidx.room.MultiInstanceInvalidationService"
104-->[androidx.room:room-runtime:2.4.3] AndroidManifest.xml:26:13-74
105            android:directBootAware="true"
105-->[androidx.room:room-runtime:2.4.3] AndroidManifest.xml:27:13-43
106            android:exported="false" />
106-->[androidx.room:room-runtime:2.4.3] AndroidManifest.xml:28:13-37
107    </application>
108
109</manifest>